0 info it worked if it ends with ok
1 verbose cli [ 'C:\\Program Files\\nodejs\\node.exe',
1 verbose cli   'C:\\Program Files\\nodejs\\node_modules\\npm\\bin\\npm-cli.js',
1 verbose cli   'run',
1 verbose cli   'initialize:app' ]
2 info using npm@3.10.10
3 info using node@v6.10.0
4 verbose run-script [ 'preinitialize:app', 'initialize:app', 'postinitialize:app' ]
5 info lifecycle initialize@1.0.0~preinitialize:app: initialize@1.0.0
6 silly lifecycle initialize@1.0.0~preinitialize:app: no script for preinitialize:app, continuing
7 info lifecycle initialize@1.0.0~initialize:app: initialize@1.0.0
8 verbose lifecycle initialize@1.0.0~initialize:app: unsafe-perm in lifecycle true
9 verbose lifecycle initialize@1.0.0~initialize:app: PATH: C:\Program Files\nodejs\node_modules\npm\bin\node-gyp-bin;C:\Users\Jon\Desktop\#INITIALIZE\toppstar\node_modules\.bin;C:\ProgramData\Oracle\Java\javapath;C:\Windows\system32;C:\Windows;C:\Windows\System32\Wbem;C:\Windows\System32\WindowsPowerShell\v1.0\;C:\Program Files\Git\cmd;C:\Program Files\nodejs\;C:\Program Files (x86)\PuTTY\;C:\xampp\php;C:\ProgramData\ComposerSetup\bin;C:\Ruby23\bin;C:\Users\Jon\AppData\Roaming\npm;C:\Users\Jon\AppData\Roaming\Composer\vendor\bin;C:\Program Files\Sublime Text 3
10 verbose lifecycle initialize@1.0.0~initialize:app: CWD: C:\Users\Jon\Desktop\#INITIALIZE\toppstar
11 silly lifecycle initialize@1.0.0~initialize:app: Args: [ '/d /s /c', 'concurrently "gulp transfer" "gulp initialize"' ]
12 silly lifecycle initialize@1.0.0~initialize:app: Returned: code: 3221225786  signal: null
13 info lifecycle initialize@1.0.0~initialize:app: Failed to exec initialize:app script
14 verbose stack Error: initialize@1.0.0 initialize:app: `concurrently "gulp transfer" "gulp initialize"`
14 verbose stack Exit status 3221225786
14 verbose stack     at EventEmitter.<anonymous> (C:\Program Files\nodejs\node_modules\npm\lib\utils\lifecycle.js:255:16)
14 verbose stack     at emitTwo (events.js:106:13)
14 verbose stack     at EventEmitter.emit (events.js:191:7)
14 verbose stack     at ChildProcess.<anonymous> (C:\Program Files\nodejs\node_modules\npm\lib\utils\spawn.js:40:14)
14 verbose stack     at emitTwo (events.js:106:13)
14 verbose stack     at ChildProcess.emit (events.js:191:7)
14 verbose stack     at maybeClose (internal/child_process.js:877:16)
14 verbose stack     at Process.ChildProcess._handle.onexit (internal/child_process.js:226:5)
15 verbose pkgid initialize@1.0.0
16 verbose cwd C:\Users\Jon\Desktop\#INITIALIZE\toppstar
17 error Windows_NT 6.1.7600
18 error argv "C:\\Program Files\\nodejs\\node.exe" "C:\\Program Files\\nodejs\\node_modules\\npm\\bin\\npm-cli.js" "run" "initialize:app"
19 error node v6.10.0
20 error npm  v3.10.10
21 error code ELIFECYCLE
22 error initialize@1.0.0 initialize:app: `concurrently "gulp transfer" "gulp initialize"`
22 error Exit status 3221225786
23 error Failed at the initialize@1.0.0 initialize:app script 'concurrently "gulp transfer" "gulp initialize"'.
23 error Make sure you have the latest version of node.js and npm installed.
23 error If you do, this is most likely a problem with the initialize package,
23 error not with npm itself.
23 error Tell the author that this fails on your system:
23 error     concurrently "gulp transfer" "gulp initialize"
23 error You can get information on how to open an issue for this project with:
23 error     npm bugs initialize
23 error Or if that isn't available, you can get their info via:
23 error     npm owner ls initialize
23 error There is likely additional logging output above.
24 verbose exit [ 1, true ]
